c:\univer\1c2s\prog\rgr\invalid stars\invalid stars\x64\debug\vc143.pdb
c:\univer\1c2s\prog\rgr\invalid stars\invalid stars\x64\debug\vc143.idb
c:\univer\1c2s\prog\rgr\invalid stars\invalid stars\x64\debug\vbo.obj
c:\univer\1c2s\prog\rgr\invalid stars\invalid stars\x64\debug\vao.obj
c:\univer\1c2s\prog\rgr\invalid stars\invalid stars\x64\debug\texture.obj
c:\univer\1c2s\prog\rgr\invalid stars\invalid stars\x64\debug\shaderclass.obj
c:\univer\1c2s\prog\rgr\invalid stars\invalid stars\x64\debug\main.obj
c:\univer\1c2s\prog\rgr\invalid stars\invalid stars\x64\debug\ebo.obj
c:\univer\1c2s\prog\rgr\invalid stars\invalid stars\x64\debug\objectclass.obj
c:\univer\1c2s\prog\rgr\invalid stars\invalid stars\x64\debug\draw.obj
c:\univer\1c2s\prog\rgr\invalid stars\invalid stars\x64\debug\common.obj
c:\univer\1c2s\prog\rgr\invalid stars\invalid stars\x64\debug\input.obj
c:\univer\1c2s\prog\rgr\invalid stars\invalid stars\x64\debug\settingsmenu.obj
c:\univer\1c2s\prog\rgr\invalid stars\invalid stars\x64\debug\maintance.obj
c:\univer\1c2s\prog\rgr\invalid stars\invalid stars\x64\debug\gameplay.obj
c:\univer\1c2s\prog\rgr\invalid stars\invalid stars\x64\debug\glad.obj
c:\univer\1c2s\prog\rgr\invalid stars\invalid stars\x64\debug\stb.obj
c:\univer\1c2s\prog\rgr\invalid stars\x64\debug\invalid stars.exe
c:\univer\1c2s\prog\rgr\invalid stars\invalid stars\x64\debug\invalid stars.ilk
c:\univer\1c2s\prog\rgr\invalid stars\x64\debug\invalid stars.pdb
c:\univer\1c2s\prog\rgr\invalid stars\invalid stars\x64\debug\invalid stars.tlog\cl.command.1.tlog
c:\univer\1c2s\prog\rgr\invalid stars\invalid stars\x64\debug\invalid stars.tlog\cl.read.1.tlog
c:\univer\1c2s\prog\rgr\invalid stars\invalid stars\x64\debug\invalid stars.tlog\cl.write.1.tlog
c:\univer\1c2s\prog\rgr\invalid stars\invalid stars\x64\debug\invalid stars.tlog\link.command.1.tlog
c:\univer\1c2s\prog\rgr\invalid stars\invalid stars\x64\debug\invalid stars.tlog\link.read.1.tlog
c:\univer\1c2s\prog\rgr\invalid stars\invalid stars\x64\debug\invalid stars.tlog\link.write.1.tlog
